{
  "RSpec": {
    "coverage": {
      "/Users/adam/Dropbox/Dev/url_shortener_api/spec/controllers/api/links_controller_spec.rb": [
        1,
        null,
        1,
        1,
        2,
        null,
        1,
        1,
        1,
        null,
        null,
        null,
        1,
        1,
        2,
        null,
        null,
        1,
        1,
        1,
        null,
        null,
        1,
        1,
        1,
        null,
        1,
        null,
        null,
        1,
        1,
        null,
        null,
        1,
        1,
        1,
        null,
        null,
        null
      ],
      "/Users/adam/Dropbox/Dev/url_shortener_api/spec/rails_helper.rb": [
        null,
        1,
        1,
        1,
        null,
        1,
        1,
        null,
        null,
        null,
        null,
        null,
        null,
        null,
        null,
        null,
        null,
        null,
        null,
        null,
        null,
        null,
        null,
        null,
        null,
        null,
        null,
        1,
        null,
        0,
        0,
        null,
        1,
        null,
        1,
        null,
        null,
        null,
        null,
        1,
        null,
        null,
        null,
        null,
        null,
        null,
        null,
        null,
        null,
        null,
        null,
        null,
        null,
        null,
        1,
        null,
        null,
        1,
        null,
        null,
        null
      ],
      "/Users/adam/Dropbox/Dev/url_shortener_api/config/environment.rb": [
        null,
        1,
        null,
        null,
        1
      ],
      "/Users/adam/Dropbox/Dev/url_shortener_api/config/application.rb": [
        1,
        null,
        1,
        null,
        1,
        1,
        1,
        1,
        1,
        1,
        1,
        1,
        1,
        1,
        null,
        1,
        null,
        null,
        null,
        1,
        null,
        1,
        1,
        null,
        1,
        null,
        1,
        null,
        1,
        1,
        1,
        1,
        null,
        null,
        null,
        null,
        null,
        null,
        null,
        null,
        null,
        null,
        null,
        1,
        null,
        null
      ],
      "/Users/adam/Dropbox/Dev/url_shortener_api/config/boot.rb": [
        1,
        null,
        1,
        1
      ],
      "/Users/adam/Dropbox/Dev/url_shortener_api/config/environments/test.rb": [
        null,
        null,
        null,
        null,
        null,
        1,
        null,
        null,
        1,
        null,
        null,
        null,
        null,
        1,
        null,
        null,
        1,
        1,
        null,
        null,
        null,
        null,
        1,
        1,
        1,
        null,
        null,
        1,
        null,
        null,
        1,
        null,
        null,
        1,
        null,
        1,
        null,
        null,
        null,
        null,
        1,
        null,
        null,
        1,
        null,
        null,
        null,
        null
      ],
      "/Users/adam/Dropbox/Dev/url_shortener_api/config/initializers/application_controller_renderer.rb": [
        null,
        null,
        null,
        null,
        null,
        null,
        null,
        null
      ],
      "/Users/adam/Dropbox/Dev/url_shortener_api/config/initializers/backtrace_silencers.rb": [
        null,
        null,
        null,
        null,
        null,
        null,
        null
      ],
      "/Users/adam/Dropbox/Dev/url_shortener_api/config/initializers/cors.rb": [
        null,
        null,
        null,
        null,
        null,
        null,
        null,
        null,
        null,
        null,
        null,
        null,
        null,
        null,
        null,
        null
      ],
      "/Users/adam/Dropbox/Dev/url_shortener_api/config/initializers/filter_parameter_logging.rb": [
        null,
        null,
        null,
        1
      ],
      "/Users/adam/Dropbox/Dev/url_shortener_api/config/initializers/inflections.rb": [
        null,
        null,
        null,
        null,
        null,
        null,
        null,
        null,
        null,
        null,
        null,
        null,
        null,
        null,
        null,
        null
      ],
      "/Users/adam/Dropbox/Dev/url_shortener_api/config/initializers/mime_types.rb": [
        null,
        null,
        null,
        null
      ],
      "/Users/adam/Dropbox/Dev/url_shortener_api/config/initializers/wrap_parameters.rb": [
        null,
        null,
        null,
        null,
        null,
        null,
        1,
        2,
        null,
        null,
        null,
        null,
        null,
        null
      ],
      "/Users/adam/Dropbox/Dev/url_shortener_api/config/routes.rb": [
        1,
        null,
        1,
        1,
        1,
        1,
        1,
        null,
        null,
        1,
        null
      ],
      "/Users/adam/Dropbox/Dev/url_shortener_api/app/models/application_record.rb": [
        1,
        1,
        null
      ],
      "/Users/adam/Dropbox/Dev/url_shortener_api/app/controllers/api/v1/links_controller.rb": [
        1,
        1,
        1,
        1,
        1,
        1,
        null,
        1,
        null,
        4,
        4,
        3,
        3,
        null,
        1,
        1,
        0,
        1,
        1,
        null,
        0,
        null,
        null,
        null,
        null,
        1,
        1,
        1,
        1,
        null,
        0,
        null,
        null,
        null,
        null
      ],
      "/Users/adam/Dropbox/Dev/url_shortener_api/app/controllers/application_controller.rb": [
        1,
        null
      ],
      "/Users/adam/Dropbox/Dev/url_shortener_api/app/controllers/concerns/utility.rb": [
        1,
        1,
        null,
        1,
        3,
        null,
        null,
        1,
        3,
        null,
        null,
        1,
        4,
        null,
        null,
        1,
        1,
        null,
        null,
        1,
        1,
        null,
        null,
        1,
        1,
        null,
        null,
        1,
        2,
        null,
        null,
        1,
        1,
        1,
        null,
        null,
        1,
        3,
        null,
        null,
        1,
        4,
        null,
        4,
        3,
        null,
        1,
        null,
        4,
        null,
        null
      ],
      "/Users/adam/Dropbox/Dev/url_shortener_api/spec/controllers/api/top_urls_spec.rb": [
        1,
        null,
        1,
        1,
        3,
        3,
        3,
        null,
        1,
        1,
        1,
        null,
        null,
        1,
        1,
        1,
        null,
        null,
        null
      ],
      "/Users/adam/Dropbox/Dev/url_shortener_api/app/controllers/api/v1/top_urls_controller.rb": [
        1,
        1,
        1,
        null,
        1,
        2,
        null,
        null,
        null
      ],
      "/Users/adam/Dropbox/Dev/url_shortener_api/spec/models/link_spec.rb": [
        1,
        null,
        1,
        1,
        1,
        1,
        null,
        null,
        null,
        1,
        1,
        1,
        null,
        null,
        1,
        1,
        null,
        null,
        null
      ],
      "/Users/adam/Dropbox/Dev/url_shortener_api/app/models/link.rb": [
        1,
        1,
        25,
        null,
        1,
        null,
        null,
        5,
        5,
        null,
        null,
        1,
        5,
        5,
        null,
        5,
        10,
        null,
        null,
        1,
        2,
        null,
        2,
        null,
        null,
        1,
        2,
        null,
        2,
        null,
        null,
        1,
        14,
        null,
        null
      ],
      "/Users/adam/Dropbox/Dev/url_shortener_api/spec/workers/link_scraper_worker_spec.rb": [
        1,
        2,
        null,
        1,
        1,
        1,
        null,
        null,
        null
      ],
      "/Users/adam/Dropbox/Dev/url_shortener_api/app/workers/link_scraper_worker.rb": [
        1,
        1,
        1,
        1,
        null,
        1,
        1,
        null,
        1,
        1,
        0,
        0,
        null,
        1,
        null,
        null,
        null
      ],
      "/Users/adam/Dropbox/Dev/url_shortener_api/app/serializers/create_link_serializer.rb": [
        1,
        1,
        null,
        null,
        1,
        3,
        0,
        null,
        3,
        null,
        null
      ],
      "/Users/adam/Dropbox/Dev/url_shortener_api/app/serializers/link_serializer.rb": [
        1,
        1,
        null,
        null,
        1,
        6,
        0,
        null,
        6,
        null,
        null
      ]
    },
    "timestamp": 1571804068
  }
}
